<?xml version="1.0" encoding="UTF-8"?>
<!-- Generated by org.testng.reporters.JUnitReportReporter -->
<testsuite hostname="DESKTOP-C0GI4GJ" failures="0" tests="1" name="com.sampleTestScript.Monster_Test" time="0.023" errors="0" timestamp="2024-07-27T23:37:49 IST" skipped="0">
  <testcase classname="com.sampleTestScript.Monster_Test" name="ts_test" time="0.023"/>
</testsuite> <!-- com.sampleTestScript.Monster_Test -->
