<?xml version="1.0" encoding="UTF-8"?>
<!-- Generated by org.testng.reporters.JUnitReportReporter -->
<testsuite hostname="DESKTOP-C0GI4GJ" failures="0" tests="1" name="com.groupExecutionClasses.VickyKaushal" time="24.503" errors="0" timestamp="2024-07-27T14:31:39 IST" skipped="0">
  <testcase classname="com.groupExecutionClasses.VickyKaushal" name="vk" time="24.503"/>
</testsuite> <!-- com.groupExecutionClasses.VickyKaushal -->
