<?xml version="1.0" encoding="UTF-8"?>
<!-- Generated by org.testng.reporters.JUnitReportReporter -->
<testsuite hostname="DESKTOP-C0GI4GJ" failures="0" tests="1" name="com.sampleTestScript.Naukri_Test" time="77.265" errors="0" timestamp="2024-07-26T15:52:02 IST" skipped="0">
  <testcase classname="com.sampleTestScript.Naukri_Test" name="executeScript" time="77.265"/>
</testsuite> <!-- com.sampleTestScript.Naukri_Test -->
