<?xml version="1.0" encoding="UTF-8"?>
<!-- Generated by org.testng.reporters.JUnitReportReporter -->
<testsuite hostname="DESKTOP-C0GI4GJ" failures="0" tests="1" name="com.sampleTestScript.TestScript" time="0.021" errors="0" timestamp="2024-07-26T15:47:27 IST" skipped="0">
  <testcase classname="com.sampleTestScript.TestScript" name="ts_test" time="0.021">
    <system-out>
      <![CDATA[learn maven]]>
    </system-out>
  </testcase> <!-- ts_test -->
  <system-out>
    <![CDATA[learn maven]]>
  </system-out>
</testsuite> <!-- com.sampleTestScript.TestScript -->
